[0702/114159:ERROR:process_info.cc(330)] VirtualQueryEx: 액세스가 거부되었습니다. (0x5)
[0702/114159:ERROR:process_info.cc(547)] ReadMemoryInfo failed
[0702/114159:ERROR:process_info.cc(608)] range at 0x7fff0f145200, size 0x40 fully unreadable
[0702/114159:ERROR:process_info.cc(608)] range at 0x7fff0f111410, size 0x12 fully unreadable
[0702/114159:ERROR:process_info.cc(608)] range at 0x7fff0f111410, size 0x12 fully unreadable
[0702/114159:ERROR:process_info.cc(608)] range at 0x7fff0f111410, size 0x12 fully unreadable
[0702/114159:ERROR:process_info.cc(608)] range at 0x386434a400000000, size 0x1fb fully unreadable
[0702/114159:ERROR:process_info.cc(608)] range at 0x3864350a00000000, size 0x1fb fully unreadable
[0702/114159:ERROR:process_info.cc(608)] range at 0x0, size 0x1fb fully unreadable
[0702/114159:ERROR:process_info.cc(608)] range at 0x7fff0f1421e0, size 0x28 fully unreadable
[0702/114159:ERROR:process_info.cc(608)] range at 0x7fff0f142d48, size 0x30 fully unreadable
[0702/114159:ERROR:process_reader_win.cc(232)] ReadMemory at 0x7ff750dd0000 of 64 bytes failed: ReadProcessMemory 또는 WriteProcessMemory의 일부 작업만을 마쳤습니다. (0x12B)
[0702/114159:WARNING:pe_image_reader.cc(280)] could not read dos header from c:\Program Files (x86)\Google\Chrome\Application\chrome.exe
[0702/114159:ERROR:process_reader_win.cc(232)] ReadMemory at 0x7fff09740000 of 64 bytes failed: ReadProcessMemory 또는 WriteProcessMemory의 일부 작업만을 마쳤습니다. (0x12B)
[0702/114159:WARNING:pe_image_reader.cc(280)] could not read dos header from C:\Windows\SYSTEM32\WINMM.dll
[0702/114159:ERROR:process_reader_win.cc(232)] ReadMemory at 0x7fff0ad80000 of 64 bytes failed: ReadProcessMemory 또는 WriteProcessMemory의 일부 작업만을 마쳤습니다. (0x12B)
[0702/114159:WARNING:pe_image_reader.cc(280)] could not read dos header from C:\Windows\SYSTEM32\USERENV.dll
[0702/114159:ERROR:process_reader_win.cc(232)] ReadMemory at 0x7fff09510000 of 64 bytes failed: ReadProcessMemory 또는 WriteProcessMemory의 일부 작업만을 마쳤습니다. (0x12B)
[0702/114159:WARNING:pe_image_reader.cc(280)] could not read dos header from C:\Windows\SYSTEM32\WTSAPI32.dll
[0702/114159:ERROR:process_reader_win.cc(232)] ReadMemory at 0x7fff04ad0000 of 64 bytes failed: ReadProcessMemory 또는 WriteProcessMemory의 일부 작업만을 마쳤습니다. (0x12B)
[0702/114159:WARNING:pe_image_reader.cc(280)] could not read dos header from C:\Windows\SYSTEM32\WINHTTP.dll
[0702/114159:ERROR:process_reader_win.cc(232)] ReadMemory at 0x7fff0b6a0000 of 64 bytes failed: ReadProcessMemory 또는 WriteProcessMemory의 일부 작업만을 마쳤습니다. (0x12B)
[0702/114159:WARNING:pe_image_reader.cc(280)] could not read dos header from C:\Windows\system32\kernel.appcore.dll
[0702/114159:ERROR:process_reader_win.cc(232)] ReadMemory at 0x7fff0b6b0000 of 64 bytes failed: ReadProcessMemory 또는 WriteProcessMemory의 일부 작업만을 마쳤습니다. (0x12B)
[0702/114159:WARNING:pe_image_reader.cc(280)] could not read dos header from C:\Windows\system32\shcore.dll
[0702/114159:ERROR:process_reader_win.cc(232)] ReadMemory at 0x7fff0b650000 of 64 bytes failed: ReadProcessMemory 또는 WriteProcessMemory의 일부 작업만을 마쳤습니다. (0x12B)
[0702/114159:WARNING:pe_image_reader.cc(280)] could not read dos header from C:\Windows\system32\powrprof.dll
[0702/114159:ERROR:process_reader_win.cc(232)] ReadMemory at 0x7fff0b7c0000 of 64 bytes failed: ReadProcessMemory 또는 WriteProcessMemory의 일부 작업만을 마쳤습니다. (0x12B)
[0702/114159:WARNING:pe_image_reader.cc(280)] could not read dos header from C:\Windows\system32\windows.storage.dll
[0702/114159:ERROR:process_reader_win.cc(232)] ReadMemory at 0x7fff0b550000 of 64 bytes failed: ReadProcessMemory 또는 WriteProcessMemory의 일부 작업만을 마쳤습니다. (0x12B)
[0702/114159:WARNING:pe_image_reader.cc(280)] could not read dos header from C:\Windows\SYSTEM32\bcrypt.dll
[0702/114159:ERROR:process_reader_win.cc(232)] ReadMemory at 0x7fff056e0000 of 64 bytes failed: ReadProcessMemory 또는 WriteProcessMemory의 일부 작업만을 마쳤습니다. (0x12B)
[0702/114159:WARNING:pe_image_reader.cc(280)] could not read dos header from C:\Windows\SYSTEM32\WINSPOOL.DRV
[0702/114159:ERROR:process_reader_win.cc(232)] ReadMemory at 0x7fff07b60000 of 64 bytes failed: ReadProcessMemory 또는 WriteProcessMemory의 일부 작업만을 마쳤습니다. (0x12B)
[0702/114159:WARNING:pe_image_reader.cc(280)] could not read dos header from C:\Windows\WinSxS\amd64_microsoft.windows.common-controls_6595b64144ccf1df_6.0.10586.0_none_8c15ae12515e1c22\COMCTL32.dll
[0702/114159:ERROR:process_reader_win.cc(232)] ReadMemory at 0x7fff0a3a0000 of 64 bytes failed: ReadProcessMemory 또는 WriteProcessMemory의 일부 작업만을 마쳤습니다. (0x12B)
[0702/114159:WARNING:pe_image_reader.cc(280)] could not read dos header from C:\Windows\system32\fwbase.dll
[0702/114159:ERROR:process_reader_win.cc(232)] ReadMemory at 0x7fff0bf20000 of 64 bytes failed: ReadProcessMemory 또는 WriteProcessMemory의 일부 작업만을 마쳤습니다. (0x12B)
[0702/114159:WARNING:pe_image_reader.cc(280)] could not read dos header from C:\Windows\system32\NETAPI32.dll
[0702/114159:ERROR:process_reader_win.cc(232)] ReadMemory at 0x7fff099b0000 of 64 bytes failed: ReadProcessMemory 또는 WriteProcessMemory의 일부 작업만을 마쳤습니다. (0x12B)
[0702/114159:WARNING:pe_image_reader.cc(280)] could not read dos header from C:\Windows\SYSTEM32\DAVHLPR.DLL
[0702/114159:ERROR:process_reader_win.cc(232)] ReadMemory at 0x7fff0c680000 of 64 bytes failed: ReadProcessMemory 또는 WriteProcessMemory의 일부 작업만을 마쳤습니다. (0x12B)
[0702/114159:WARNING:pe_image_reader.cc(280)] could not read dos header from C:\Windows\system32\COMDLG32.dll
[0702/114159:ERROR:process_reader_win.cc(232)] ReadMemory at 0x7fff04fe0000 of 64 bytes failed: ReadProcessMemory 또는 WriteProcessMemory의 일부 작업만을 마쳤습니다. (0x12B)
[0702/114159:WARNING:pe_image_reader.cc(280)] could not read dos header from C:\Windows\SYSTEM32\IPHLPAPI.DLL
[0702/114159:ERROR:process_reader_win.cc(232)] ReadMemory at 0x7fff08730000 of 64 bytes failed: ReadProcessMemory 또는 WriteProcessMemory의 일부 작업만을 마쳤습니다. (0x12B)
[0702/114159:WARNING:pe_image_reader.cc(280)] could not read dos header from C:\Windows\SYSTEM32\USP10.dll
[0702/114159:ERROR:process_reader_win.cc(232)] ReadMemory at 0x7fff0b640000 of 64 bytes failed: ReadProcessMemory 또는 WriteProcessMemory의 일부 작업만을 마쳤습니다. (0x12B)
[0702/114159:WARNING:pe_image_reader.cc(280)] could not read dos header from C:\Windows\system32\MSASN1.dll
[0702/114159:ERROR:process_reader_win.cc(232)] ReadMemory at 0x7fff0c1a0000 of 64 bytes failed: ReadProcessMemory 또는 WriteProcessMemory의 일부 작업만을 마쳤습니다. (0x12B)
[0702/114159:WARNING:pe_image_reader.cc(280)] could not read dos header from C:\Windows\system32\CRYPT32.dll
[0702/114159:ERROR:process_reader_win.cc(232)] ReadMemory at 0x7fff0bec0000 of 64 bytes failed: ReadProcessMemory 또는 WriteProcessMemory의 일부 작업만을 마쳤습니다. (0x12B)
[0702/114159:WARNING:pe_image_reader.cc(280)] could not read dos header from C:\Windows\system32\WINTRUST.dll
[0702/114159:ERROR:process_reader_win.cc(232)] ReadMemory at 0x7fff02d30000 of 64 bytes failed: ReadProcessMemory 또는 WriteProcessMemory의 일부 작업만을 마쳤습니다. (0x12B)
[0702/114159:WARNING:pe_image_reader.cc(280)] could not read dos header from C:\Windows\SYSTEM32\Secur32.dll
[0702/114159:ERROR:process_reader_win.cc(232)] ReadMemory at 0x7fff0b2a0000 of 64 bytes failed: ReadProcessMemory 또는 WriteProcessMemory의 일부 작업만을 마쳤습니다. (0x12B)
[0702/114159:WARNING:pe_image_reader.cc(280)] could not read dos header from C:\Windows\SYSTEM32\SSPICLI.DLL
[0702/114159:ERROR:process_reader_win.cc(232)] ReadMemory at 0x7ffed07d0000 of 64 bytes failed: ReadProcessMemory 또는 WriteProcessMemory의 일부 작업만을 마쳤습니다. (0x12B)
[0702/114159:WARNING:pe_image_reader.cc(280)] could not read dos header from c:\Program Files (x86)\Google\Chrome\Application\51.0.2704.103\chrome_child.dll
[0702/114159:ERROR:process_reader_win.cc(232)] ReadMemory at 0x7fff06fe0000 of 64 bytes failed: ReadProcessMemory 또는 WriteProcessMemory의 일부 작업만을 마쳤습니다. (0x12B)
[0702/114159:WARNING:pe_image_reader.cc(280)] could not read dos header from C:\Windows\SYSTEM32\dwrite.dll
[0702/114159:ERROR:process_reader_win.cc(232)] ReadMemory at 0x7fff0f145340 of 6656 bytes failed: ReadProcessMemory 또는 WriteProcessMemory의 일부 작업만을 마쳤습니다. (0x12B)
[0702/114159:ERROR:process_reader_win.cc(232)] ReadMemory at 0x7ff750dd0000 of 64 bytes failed: ReadProcessMemory 또는 WriteProcessMemory의 일부 작업만을 마쳤습니다. (0x12B)
[0702/114159:WARNING:pe_image_reader.cc(280)] could not read dos header from c:\Program Files (x86)\Google\Chrome\Application\chrome.exe
[0702/114159:ERROR:process_reader_win.cc(232)] ReadMemory at 0x7fff0f000000 of 64 bytes failed: ReadProcessMemory 또는 WriteProcessMemory의 일부 작업만을 마쳤습니다. (0x12B)
[0702/114159:WARNING:pe_image_reader.cc(280)] could not read dos header from C:\Windows\SYSTEM32\ntdll.dll
[0702/114159:ERROR:process_reader_win.cc(232)] ReadMemory at 0x7fff0bfb0000 of 64 bytes failed: ReadProcessMemory 또는 WriteProcessMemory의 일부 작업만을 마쳤습니다. (0x12B)
[0702/114159:WARNING:pe_image_reader.cc(280)] could not read dos header from C:\Windows\system32\KERNELBASE.dll
[0702/114159:ERROR:process_reader_win.cc(232)] ReadMemory at 0x7fff0ee80000 of 64 bytes failed: ReadProcessMemory 또는 WriteProcessMemory의 일부 작업만을 마쳤습니다. (0x12B)
[0702/114159:WARNING:pe_image_reader.cc(280)] could not read dos header from C:\Windows\system32\KERNEL32.DLL
[0702/114159:ERROR:process_reader_win.cc(232)] ReadMemory at 0x7fff0e430000 of 64 bytes failed: ReadProcessMemory 또는 WriteProcessMemory의 일부 작업만을 마쳤습니다. (0x12B)
[0702/114159:WARNING:pe_image_reader.cc(280)] could not read dos header from C:\Windows\system32\msvcrt.dll
[0702/114159:ERROR:process_reader_win.cc(232)] ReadMemory at 0x7fff0e680000 of 64 bytes failed: ReadProcessMemory 또는 WriteProcessMemory의 일부 작업만을 마쳤습니다. (0x12B)
[0702/114159:WARNING:pe_image_reader.cc(280)] could not read dos header from C:\Windows\system32\RPCRT4.dll
[0702/114159:ERROR:process_reader_win.cc(232)] ReadMemory at 0x7fff0e200000 of 64 bytes failed: ReadProcessMemory 또는 WriteProcessMemory의 일부 작업만을 마쳤습니다. (0x12B)
[0702/114159:WARNING:pe_image_reader.cc(280)] could not read dos header from C:\Windows\system32\sechost.dll
[0702/114159:ERROR:process_reader_win.cc(232)] ReadMemory at 0x7fff0edd0000 of 64 bytes failed: ReadProcessMemory 또는 WriteProcessMemory의 일부 작업만을 마쳤습니다. (0x12B)
[0702/114159:WARNING:pe_image_reader.cc(280)] could not read dos header from C:\Windows\system32\ADVAPI32.dll
[0702/114159:ERROR:process_reader_win.cc(232)] ReadMemory at 0x7fff0bf40000 of 64 bytes failed: ReadProcessMemory 또는 WriteProcessMemory의 일부 작업만을 마쳤습니다. (0x12B)
[0702/114159:WARNING:pe_image_reader.cc(280)] could not read dos header from C:\Windows\system32\bcryptPrimitives.dll
[0702/114159:ERROR:process_reader_win.cc(232)] ReadMemory at 0x7fff0b0c0000 of 64 bytes failed: ReadProcessMemory 또는 WriteProcessMemory의 일부 작업만을 마쳤습니다. (0x12B)
[0702/114159:WARNING:pe_image_reader.cc(280)] could not read dos header from C:\Windows\SYSTEM32\CRYPTBASE.DLL
[0702/114159:ERROR:process_reader_win.cc(232)] ReadMemory at 0x7fff07f20000 of 64 bytes failed: ReadProcessMemory 또는 WriteProcessMemory의 일부 작업만을 마쳤습니다. (0x12B)
[0702/114159:WARNING:pe_image_reader.cc(280)] could not read dos header from C:\Program Files (x86)\Google\Chrome\Application\51.0.2704.103\chrome_elf.dll
[0702/114159:ERROR:process_reader_win.cc(232)] ReadMemory at 0x7fff07e90000 of 64 bytes failed: ReadProcessMemory 또는 WriteProcessMemory의 일부 작업만을 마쳤습니다. (0x12B)
[0702/114159:WARNING:pe_image_reader.cc(280)] could not read dos header from C:\Windows\SYSTEM32\VERSION.dll
[0702/114159:ERROR:process_reader_win.cc(232)] ReadMemory at 0x7fff0b770000 of 64 bytes failed: ReadProcessMemory 또는 WriteProcessMemory의 일부 작업만을 마쳤습니다. (0x12B)
[0702/114159:WARNING:pe_image_reader.cc(280)] could not read dos header from C:\Windows\system32\cfgmgr32.dll
[0702/114159:ERROR:process_reader_win.cc(232)] ReadMemory at 0x7fff096e0000 of 64 bytes failed: ReadProcessMemory 또는 WriteProcessMemory의 일부 작업만을 마쳤습니다. (0x12B)
[0702/114159:WARNING:pe_image_reader.cc(280)] could not read dos header from C:\Windows\SYSTEM32\WINMMBASE.dll
[0702/114159:ERROR:process_reader_win.cc(232)] ReadMemory at 0x7fff0e030000 of 64 bytes failed: ReadProcessMemory 또는 WriteProcessMemory의 일부 작업만을 마쳤습니다. (0x12B)
[0702/114159:WARNING:pe_image_reader.cc(280)] could not read dos header from C:\Windows\system32\GDI32.dll
[0702/114159:ERROR:process_reader_win.cc(232)] ReadMemory at 0x7fff0ebd0000 of 64 bytes failed: ReadProcessMemory 또는 WriteProcessMemory의 일부 작업만을 마쳤습니다. (0x12B)
[0702/114159:WARNING:pe_image_reader.cc(280)] could not read dos header from C:\Windows\system32\USER32.dll
[0702/114159:ERROR:process_reader_win.cc(232)] ReadMemory at 0x7fff0e1c0000 of 64 bytes failed: ReadProcessMemory 또는 WriteProcessMemory의 일부 작업만을 마쳤습니다. (0x12B)
[0702/114159:WARNING:pe_image_reader.cc(280)] could not read dos header from C:\Windows\system32\IMM32.DLL
[0702/114159:ERROR:process_reader_win.cc(232)] ReadMemory at 0x7fff09740000 of 64 bytes failed: ReadProcessMemory 또는 WriteProcessMemory의 일부 작업만을 마쳤습니다. (0x12B)
[0702/114159:WARNING:pe_image_reader.cc(280)] could not read dos header from C:\Windows\SYSTEM32\WINMM.dll
[0702/114159:ERROR:process_reader_win.cc(232)] ReadMemory at 0x7fff0b620000 of 64 bytes failed: ReadProcessMemory 또는 WriteProcessMemory의 일부 작업만을 마쳤습니다. (0x12B)
[0702/114159:WARNING:pe_image_reader.cc(280)] could not read dos header from C:\Windows\system32\profapi.dll
[0702/114159:ERROR:process_reader_win.cc(232)] ReadMemory at 0x7fff0ad80000 of 64 bytes failed: ReadProcessMemory 또는 WriteProcessMemory의 일부 작업만을 마쳤습니다. (0x12B)
[0702/114159:WARNING:pe_image_reader.cc(280)] could not read dos header from C:\Windows\SYSTEM32\USERENV.dll
[0702/114159:ERROR:process_reader_win.cc(232)] ReadMemory at 0x7fff09510000 of 64 bytes failed: ReadProcessMemory 또는 WriteProcessMemory의 일부 작업만을 마쳤습니다. (0x12B)
[0702/114159:WARNING:pe_image_reader.cc(280)] could not read dos header from C:\Windows\SYSTEM32\WTSAPI32.dll
[0702/114159:ERROR:process_reader_win.cc(232)] ReadMemory at 0x7fff04ad0000 of 64 bytes failed: ReadProcessMemory 또는 WriteProcessMemory의 일부 작업만을 마쳤습니다. (0x12B)
[0702/114159:WARNING:pe_image_reader.cc(280)] could not read dos header from C:\Windows\SYSTEM32\WINHTTP.dll
[0702/114159:ERROR:process_reader_win.cc(232)] ReadMemory at 0x7fff0c400000 of 64 bytes failed: ReadProcessMemory 또는 WriteProcessMemory의 일부 작업만을 마쳤습니다. (0x12B)
[0702/114159:WARNING:pe_image_reader.cc(280)] could not read dos header from C:\Windows\system32\combase.dll
[0702/114159:ERROR:process_reader_win.cc(232)] ReadMemory at 0x7fff0de20000 of 64 bytes failed: ReadProcessMemory 또는 WriteProcessMemory의 일부 작업만을 마쳤습니다. (0x12B)
[0702/114159:WARNING:pe_image_reader.cc(280)] could not read dos header from C:\Windows\system32\shlwapi.dll
[0702/114159:ERROR:process_reader_win.cc(232)] ReadMemory at 0x7fff0b6a0000 of 64 bytes failed: ReadProcessMemory 또는 WriteProcessMemory의 일부 작업만을 마쳤습니다. (0x12B)
[0702/114159:WARNING:pe_image_reader.cc(280)] could not read dos header from C:\Windows\system32\kernel.appcore.dll
[0702/114159:ERROR:process_reader_win.cc(232)] ReadMemory at 0x7fff0b6b0000 of 64 bytes failed: ReadProcessMemory 또는 WriteProcessMemory의 일부 작업만을 마쳤습니다. (0x12B)
[0702/114159:WARNING:pe_image_reader.cc(280)] could not read dos header from C:\Windows\system32\shcore.dll
[0702/114159:ERROR:process_reader_win.cc(232)] ReadMemory at 0x7fff0b650000 of 64 bytes failed: ReadProcessMemory 또는 WriteProcessMemory의 일부 작업만을 마쳤습니다. (0x12B)
[0702/114159:WARNING:pe_image_reader.cc(280)] could not read dos header from C:\Windows\system32\powrprof.dll
[0702/114159:ERROR:process_reader_win.cc(232)] ReadMemory at 0x7fff0b7c0000 of 64 bytes failed: ReadProcessMemory 또는 WriteProcessMemory의 일부 작업만을 마쳤습니다. (0x12B)
[0702/114159:WARNING:pe_image_reader.cc(280)] could not read dos header from C:\Windows\system32\windows.storage.dll
[0702/114159:ERROR:process_reader_win.cc(232)] ReadMemory at 0x7fff0c7a0000 of 64 bytes failed: ReadProcessMemory 또는 WriteProcessMemory의 일부 작업만을 마쳤습니다. (0x12B)
[0702/114159:WARNING:pe_image_reader.cc(280)] could not read dos header from C:\Windows\system32\SHELL32.dll
[0702/114159:ERROR:process_reader_win.cc(232)] ReadMemory at 0x7fff0c790000 of 64 bytes failed: ReadProcessMemory 또는 WriteProcessMemory의 일부 작업만을 마쳤습니다. (0x12B)
[0702/114159:WARNING:pe_image_reader.cc(280)] could not read dos header from C:\Windows\system32\PSAPI.DLL
[0702/114159:ERROR:process_reader_win.cc(232)] ReadMemory at 0x7fff0b550000 of 64 bytes failed: ReadProcessMemory 또는 WriteProcessMemory의 일부 작업만을 마쳤습니다. (0x12B)
[0702/114159:WARNING:pe_image_reader.cc(280)] could not read dos header from C:\Windows\SYSTEM32\bcrypt.dll
[0702/114159:ERROR:process_reader_win.cc(232)] ReadMemory at 0x7fff056e0000 of 64 bytes failed: ReadProcessMemory 또는 WriteProcessMemory의 일부 작업만을 마쳤습니다. (0x12B)
[0702/114159:WARNING:pe_image_reader.cc(280)] could not read dos header from C:\Windows\SYSTEM32\WINSPOOL.DRV
[0702/114159:ERROR:process_reader_win.cc(232)] ReadMemory at 0x7fff07b60000 of 64 bytes failed: ReadProcessMemory 또는 WriteProcessMemory의 일부 작업만을 마쳤습니다. (0x12B)
[0702/114159:WARNING:pe_image_reader.cc(280)] could not read dos header from C:\Windows\WinSxS\amd64_microsoft.windows.common-controls_6595b64144ccf1df_6.0.10586.0_none_8c15ae12515e1c22\COMCTL32.dll
[0702/114159:ERROR:process_reader_win.cc(232)] ReadMemory at 0x7fff0c370000 of 64 bytes failed: ReadProcessMemory 또는 WriteProcessMemory의 일부 작업만을 마쳤습니다. (0x12B)
[0702/114159:WARNING:pe_image_reader.cc(280)] could not read dos header from C:\Windows\system32\FirewallAPI.dll
[0702/114159:ERROR:process_reader_win.cc(232)] ReadMemory at 0x7fff0a3a0000 of 64 bytes failed: ReadProcessMemory 또는 WriteProcessMemory의 일부 작업만을 마쳤습니다. (0x12B)
[0702/114159:WARNING:pe_image_reader.cc(280)] could not read dos header from C:\Windows\system32\fwbase.dll
[0702/114159:ERROR:process_reader_win.cc(232)] ReadMemory at 0x7fff0bf20000 of 64 bytes failed: ReadProcessMemory 또는 WriteProcessMemory의 일부 작업만을 마쳤습니다. (0x12B)
[0702/114159:WARNING:pe_image_reader.cc(280)] could not read dos header from C:\Windows\system32\NETAPI32.dll
[0702/114159:ERROR:process_reader_win.cc(232)] ReadMemory at 0x7fff099b0000 of 64 bytes failed: ReadProcessMemory 또는 WriteProcessMemory의 일부 작업만을 마쳤습니다. (0x12B)
[0702/114159:WARNING:pe_image_reader.cc(280)] could not read dos header from C:\Windows\SYSTEM32\DAVHLPR.DLL
[0702/114159:ERROR:process_reader_win.cc(232)] ReadMemory at 0x7fff0c680000 of 64 bytes failed: ReadProcessMemory 또는 WriteProcessMemory의 일부 작업만을 마쳤습니다. (0x12B)
[0702/114159:WARNING:pe_image_reader.cc(280)] could not read dos header from C:\Windows\system32\COMDLG32.dll
[0702/114159:ERROR:process_reader_win.cc(232)] ReadMemory at 0x7fff0e530000 of 64 bytes failed: ReadProcessMemory 또는 WriteProcessMemory의 일부 작업만을 마쳤습니다. (0x12B)
[0702/114159:WARNING:pe_image_reader.cc(280)] could not read dos header from C:\Windows\system32\ole32.dll
[0702/114159:ERROR:process_reader_win.cc(232)] ReadMemory at 0x7fff0ef30000 of 64 bytes failed: ReadProcessMemory 또는 WriteProcessMemory의 일부 작업만을 마쳤습니다. (0x12B)
[0702/114159:WARNING:pe_image_reader.cc(280)] could not read dos header from C:\Windows\system32\OLEAUT32.dll
[0702/114159:ERROR:process_reader_win.cc(232)] ReadMemory at 0x7fff04fe0000 of 64 bytes failed: ReadProcessMemory 또는 WriteProcessMemory의 일부 작업만을 마쳤습니다. (0x12B)
[0702/114159:WARNING:pe_image_reader.cc(280)] could not read dos header from C:\Windows\SYSTEM32\IPHLPAPI.DLL
[0702/114159:ERROR:process_reader_win.cc(232)] ReadMemory at 0x7fff0ed40000 of 64 bytes failed: ReadProcessMemory 또는 WriteProcessMemory의 일부 작업만을 마쳤습니다. (0x12B)
[0702/114159:WARNING:pe_image_reader.cc(280)] could not read dos header from C:\Windows\system32\WS2_32.dll
[0702/114159:ERROR:process_reader_win.cc(232)] ReadMemory at 0x7fff08730000 of 64 bytes failed: ReadProcessMemory 또는 WriteProcessMemory의 일부 작업만을 마쳤습니다. (0x12B)
[0702/114159:WARNING:pe_image_reader.cc(280)] could not read dos header from C:\Windows\SYSTEM32\USP10.dll
[0702/114159:ERROR:process_reader_win.cc(232)] ReadMemory at 0x7fff0b640000 of 64 bytes failed: ReadProcessMemory 또는 WriteProcessMemory의 일부 작업만을 마쳤습니다. (0x12B)
[0702/114159:WARNING:pe_image_reader.cc(280)] could not read dos header from C:\Windows\system32\MSASN1.dll
[0702/114159:ERROR:process_reader_win.cc(232)] ReadMemory at 0x7fff0c1a0000 of 64 bytes failed: ReadProcessMemory 또는 WriteProcessMemory의 일부 작업만을 마쳤습니다. (0x12B)
[0702/114159:WARNING:pe_image_reader.cc(280)] could not read dos header from C:\Windows\system32\CRYPT32.dll
[0702/114159:ERROR:process_reader_win.cc(232)] ReadMemory at 0x7fff0bec0000 of 64 bytes failed: ReadProcessMemory 또는 WriteProcessMemory의 일부 작업만을 마쳤습니다. (0x12B)
[0702/114159:WARNING:pe_image_reader.cc(280)] could not read dos header from C:\Windows\system32\WINTRUST.dll
[0702/114159:ERROR:process_reader_win.cc(232)] ReadMemory at 0x7fff02d30000 of 64 bytes failed: ReadProcessMemory 또는 WriteProcessMemory의 일부 작업만을 마쳤습니다. (0x12B)
[0702/114159:WARNING:pe_image_reader.cc(280)] could not read dos header from C:\Windows\SYSTEM32\Secur32.dll
[0702/114159:ERROR:process_reader_win.cc(232)] ReadMemory at 0x7fff0b2a0000 of 64 bytes failed: ReadProcessMemory 또는 WriteProcessMemory의 일부 작업만을 마쳤습니다. (0x12B)
[0702/114159:WARNING:pe_image_reader.cc(280)] could not read dos header from C:\Windows\SYSTEM32\SSPICLI.DLL
[0702/114159:ERROR:process_reader_win.cc(232)] ReadMemory at 0x7ffed07d0000 of 64 bytes failed: ReadProcessMemory 또는 WriteProcessMemory의 일부 작업만을 마쳤습니다. (0x12B)
[0702/114159:WARNING:pe_image_reader.cc(280)] could not read dos header from c:\Program Files (x86)\Google\Chrome\Application\51.0.2704.103\chrome_child.dll
[0702/114159:ERROR:process_reader_win.cc(232)] ReadMemory at 0x7fff06fe0000 of 64 bytes failed: ReadProcessMemory 또는 WriteProcessMemory의 일부 작업만을 마쳤습니다. (0x12B)
[0702/114159:WARNING:pe_image_reader.cc(280)] could not read dos header from C:\Windows\SYSTEM32\dwrite.dll
[0702/114159:ERROR:process_reader_win.cc(98)] process 2208 not found
[0702/114159:ERROR:process_reader_win.cc(232)] ReadMemory at 0x7ff750dd0000 of 64 bytes failed: ReadProcessMemory 또는 WriteProcessMemory의 일부 작업만을 마쳤습니다. (0x12B)
[0702/114159:WARNING:pe_image_reader.cc(280)] could not read dos header from c:\Program Files (x86)\Google\Chrome\Application\chrome.exe
[0702/114159:ERROR:process_reader_win.cc(232)] ReadMemory at 0x7fff0f000000 of 64 bytes failed: ReadProcessMemory 또는 WriteProcessMemory의 일부 작업만을 마쳤습니다. (0x12B)
[0702/114159:WARNING:pe_image_reader.cc(280)] could not read dos header from C:\Windows\SYSTEM32\ntdll.dll
[0702/114159:ERROR:process_reader_win.cc(232)] ReadMemory at 0x7fff0bfb0000 of 64 bytes failed: ReadProcessMemory 또는 WriteProcessMemory의 일부 작업만을 마쳤습니다. (0x12B)
[0702/114159:WARNING:pe_image_reader.cc(280)] could not read dos header from C:\Windows\system32\KERNELBASE.dll
[0702/114159:ERROR:process_reader_win.cc(232)] ReadMemory at 0x7fff0ee80000 of 64 bytes failed: ReadProcessMemory 또는 WriteProcessMemory의 일부 작업만을 마쳤습니다. (0x12B)
[0702/114159:WARNING:pe_image_reader.cc(280)] could not read dos header from C:\Windows\system32\KERNEL32.DLL
[0702/114159:ERROR:process_reader_win.cc(232)] ReadMemory at 0x7fff0e430000 of 64 bytes failed: ReadProcessMemory 또는 WriteProcessMemory의 일부 작업만을 마쳤습니다. (0x12B)
[0702/114159:WARNING:pe_image_reader.cc(280)] could not read dos header from C:\Windows\system32\msvcrt.dll
[0702/114159:ERROR:process_reader_win.cc(232)] ReadMemory at 0x7fff0e680000 of 64 bytes failed: ReadProcessMemory 또는 WriteProcessMemory의 일부 작업만을 마쳤습니다. (0x12B)
[0702/114159:WARNING:pe_image_reader.cc(280)] could not read dos header from C:\Windows\system32\RPCRT4.dll
[0702/114159:ERROR:process_reader_win.cc(232)] ReadMemory at 0x7fff0e200000 of 64 bytes failed: ReadProcessMemory 또는 WriteProcessMemory의 일부 작업만을 마쳤습니다. (0x12B)
[0702/114159:WARNING:pe_image_reader.cc(280)] could not read dos header from C:\Windows\system32\sechost.dll
[0702/114159:ERROR:process_reader_win.cc(232)] ReadMemory at 0x7fff0edd0000 of 64 bytes failed: ReadProcessMemory 또는 WriteProcessMemory의 일부 작업만을 마쳤습니다. (0x12B)
[0702/114159:WARNING:pe_image_reader.cc(280)] could not read dos header from C:\Windows\system32\ADVAPI32.dll
[0702/114159:ERROR:process_reader_win.cc(232)] ReadMemory at 0x7fff0bf40000 of 64 bytes failed: ReadProcessMemory 또는 WriteProcessMemory의 일부 작업만을 마쳤습니다. (0x12B)
[0702/114159:WARNING:pe_image_reader.cc(280)] could not read dos header from C:\Windows\system32\bcryptPrimitives.dll
[0702/114159:ERROR:process_reader_win.cc(232)] ReadMemory at 0x7fff0b0c0000 of 64 bytes failed: ReadProcessMemory 또는 WriteProcessMemory의 일부 작업만을 마쳤습니다. (0x12B)
[0702/114159:WARNING:pe_image_reader.cc(280)] could not read dos header from C:\Windows\SYSTEM32\CRYPTBASE.DLL
[0702/114159:ERROR:process_reader_win.cc(232)] ReadMemory at 0x7fff07f20000 of 64 bytes failed: ReadProcessMemory 또는 WriteProcessMemory의 일부 작업만을 마쳤습니다. (0x12B)
[0702/114159:WARNING:pe_image_reader.cc(280)] could not read dos header from C:\Program Files (x86)\Google\Chrome\Application\51.0.2704.103\chrome_elf.dll
[0702/114159:ERROR:process_reader_win.cc(232)] ReadMemory at 0x7fff07e90000 of 64 bytes failed: ReadProcessMemory 또는 WriteProcessMemory의 일부 작업만을 마쳤습니다. (0x12B)
[0702/114159:WARNING:pe_image_reader.cc(280)] could not read dos header from C:\Windows\SYSTEM32\VERSION.dll
[0702/114159:ERROR:process_reader_win.cc(232)] ReadMemory at 0x7fff0b770000 of 64 bytes failed: ReadProcessMemory 또는 WriteProcessMemory의 일부 작업만을 마쳤습니다. (0x12B)
[0702/114159:WARNING:pe_image_reader.cc(280)] could not read dos header from C:\Windows\system32\cfgmgr32.dll
[0702/114159:ERROR:process_reader_win.cc(232)] ReadMemory at 0x7fff096e0000 of 64 bytes failed: ReadProcessMemory 또는 WriteProcessMemory의 일부 작업만을 마쳤습니다. (0x12B)
[0702/114159:WARNING:pe_image_reader.cc(280)] could not read dos header from C:\Windows\SYSTEM32\WINMMBASE.dll
[0702/114159:ERROR:process_reader_win.cc(232)] ReadMemory at 0x7fff0e030000 of 64 bytes failed: ReadProcessMemory 또는 WriteProcessMemory의 일부 작업만을 마쳤습니다. (0x12B)
[0702/114159:WARNING:pe_image_reader.cc(280)] could not read dos header from C:\Windows\system32\GDI32.dll
[0702/114159:ERROR:process_reader_win.cc(232)] ReadMemory at 0x7fff0ebd0000 of 64 bytes failed: ReadProcessMemory 또는 WriteProcessMemory의 일부 작업만을 마쳤습니다. (0x12B)
[0702/114159:WARNING:pe_image_reader.cc(280)] could not read dos header from C:\Windows\system32\USER32.dll
[0702/114159:ERROR:process_reader_win.cc(232)] ReadMemory at 0x7fff0e1c0000 of 64 bytes failed: ReadProcessMemory 또는 WriteProcessMemory의 일부 작업만을 마쳤습니다. (0x12B)
[0702/114159:WARNING:pe_image_reader.cc(280)] could not read dos header from C:\Windows\system32\IMM32.DLL
[0702/114159:ERROR:process_reader_win.cc(232)] ReadMemory at 0x7fff09740000 of 64 bytes failed: ReadProcessMemory 또는 WriteProcessMemory의 일부 작업만을 마쳤습니다. (0x12B)
[0702/114159:WARNING:pe_image_reader.cc(280)] could not read dos header from C:\Windows\SYSTEM32\WINMM.dll
[0702/114159:ERROR:process_reader_win.cc(232)] ReadMemory at 0x7fff0b620000 of 64 bytes failed: ReadProcessMemory 또는 WriteProcessMemory의 일부 작업만을 마쳤습니다. (0x12B)
[0702/114159:WARNING:pe_image_reader.cc(280)] could not read dos header from C:\Windows\system32\profapi.dll
[0702/114159:ERROR:process_reader_win.cc(232)] ReadMemory at 0x7fff0ad80000 of 64 bytes failed: ReadProcessMemory 또는 WriteProcessMemory의 일부 작업만을 마쳤습니다. (0x12B)
[0702/114159:WARNING:pe_image_reader.cc(280)] could not read dos header from C:\Windows\SYSTEM32\USERENV.dll
[0702/114159:ERROR:process_reader_win.cc(232)] ReadMemory at 0x7fff09510000 of 64 bytes failed: ReadProcessMemory 또는 WriteProcessMemory의 일부 작업만을 마쳤습니다. (0x12B)
[0702/114159:WARNING:pe_image_reader.cc(280)] could not read dos header from C:\Windows\SYSTEM32\WTSAPI32.dll
[0702/114159:ERROR:process_reader_win.cc(232)] ReadMemory at 0x7fff04ad0000 of 64 bytes failed: ReadProcessMemory 또는 WriteProcessMemory의 일부 작업만을 마쳤습니다. (0x12B)
[0702/114159:WARNING:pe_image_reader.cc(280)] could not read dos header from C:\Windows\SYSTEM32\WINHTTP.dll
[0702/114159:ERROR:process_reader_win.cc(232)] ReadMemory at 0x7fff0c400000 of 64 bytes failed: ReadProcessMemory 또는 WriteProcessMemory의 일부 작업만을 마쳤습니다. (0x12B)
[0702/114159:WARNING:pe_image_reader.cc(280)] could not read dos header from C:\Windows\system32\combase.dll
[0702/114159:ERROR:process_reader_win.cc(232)] ReadMemory at 0x7fff0de20000 of 64 bytes failed: ReadProcessMemory 또는 WriteProcessMemory의 일부 작업만을 마쳤습니다. (0x12B)
[0702/114159:WARNING:pe_image_reader.cc(280)] could not read dos header from C:\Windows\system32\shlwapi.dll
[0702/114159:ERROR:process_reader_win.cc(232)] ReadMemory at 0x7fff0b6a0000 of 64 bytes failed: ReadProcessMemory 또는 WriteProcessMemory의 일부 작업만을 마쳤습니다. (0x12B)
[0702/114159:WARNING:pe_image_reader.cc(280)] could not read dos header from C:\Windows\system32\kernel.appcore.dll
[0702/114159:ERROR:process_reader_win.cc(232)] ReadMemory at 0x7fff0b6b0000 of 64 bytes failed: ReadProcessMemory 또는 WriteProcessMemory의 일부 작업만을 마쳤습니다. (0x12B)
[0702/114159:WARNING:pe_image_reader.cc(280)] could not read dos header from C:\Windows\system32\shcore.dll
[0702/114159:ERROR:process_reader_win.cc(232)] ReadMemory at 0x7fff0b650000 of 64 bytes failed: ReadProcessMemory 또는 WriteProcessMemory의 일부 작업만을 마쳤습니다. (0x12B)
[0702/114159:WARNING:pe_image_reader.cc(280)] could not read dos header from C:\Windows\system32\powrprof.dll
[0702/114159:ERROR:process_reader_win.cc(232)] ReadMemory at 0x7fff0b7c0000 of 64 bytes failed: ReadProcessMemory 또는 WriteProcessMemory의 일부 작업만을 마쳤습니다. (0x12B)
[0702/114159:WARNING:pe_image_reader.cc(280)] could not read dos header from C:\Windows\system32\windows.storage.dll
[0702/114159:ERROR:process_reader_win.cc(232)] ReadMemory at 0x7fff0c7a0000 of 64 bytes failed: ReadProcessMemory 또는 WriteProcessMemory의 일부 작업만을 마쳤습니다. (0x12B)
[0702/114159:WARNING:pe_image_reader.cc(280)] could not read dos header from C:\Windows\system32\SHELL32.dll
[0702/114159:ERROR:process_reader_win.cc(232)] ReadMemory at 0x7fff0c790000 of 64 bytes failed: ReadProcessMemory 또는 WriteProcessMemory의 일부 작업만을 마쳤습니다. (0x12B)
[0702/114159:WARNING:pe_image_reader.cc(280)] could not read dos header from C:\Windows\system32\PSAPI.DLL
[0702/114159:ERROR:process_reader_win.cc(232)] ReadMemory at 0x7fff0b550000 of 64 bytes failed: ReadProcessMemory 또는 WriteProcessMemory의 일부 작업만을 마쳤습니다. (0x12B)
[0702/114159:WARNING:pe_image_reader.cc(280)] could not read dos header from C:\Windows\SYSTEM32\bcrypt.dll
[0702/114159:ERROR:process_reader_win.cc(232)] ReadMemory at 0x7fff056e0000 of 64 bytes failed: ReadProcessMemory 또는 WriteProcessMemory의 일부 작업만을 마쳤습니다. (0x12B)
[0702/114159:WARNING:pe_image_reader.cc(280)] could not read dos header from C:\Windows\SYSTEM32\WINSPOOL.DRV
[0702/114159:ERROR:process_reader_win.cc(232)] ReadMemory at 0x7fff07b60000 of 64 bytes failed: ReadProcessMemory 또는 WriteProcessMemory의 일부 작업만을 마쳤습니다. (0x12B)
[0702/114159:WARNING:pe_image_reader.cc(280)] could not read dos header from C:\Windows\WinSxS\amd64_microsoft.windows.common-controls_6595b64144ccf1df_6.0.10586.0_none_8c15ae12515e1c22\COMCTL32.dll
[0702/114159:ERROR:process_reader_win.cc(232)] ReadMemory at 0x7fff0c370000 of 64 bytes failed: ReadProcessMemory 또는 WriteProcessMemory의 일부 작업만을 마쳤습니다. (0x12B)
[0702/114159:WARNING:pe_image_reader.cc(280)] could not read dos header from C:\Windows\system32\FirewallAPI.dll
[0702/114159:ERROR:process_reader_win.cc(232)] ReadMemory at 0x7fff0a3a0000 of 64 bytes failed: ReadProcessMemory 또는 WriteProcessMemory의 일부 작업만을 마쳤습니다. (0x12B)
[0702/114159:WARNING:pe_image_reader.cc(280)] could not read dos header from C:\Windows\system32\fwbase.dll
[0702/114159:ERROR:process_reader_win.cc(232)] ReadMemory at 0x7fff0bf20000 of 64 bytes failed: ReadProcessMemory 또는 WriteProcessMemory의 일부 작업만을 마쳤습니다. (0x12B)
[0702/114159:WARNING:pe_image_reader.cc(280)] could not read dos header from C:\Windows\system32\NETAPI32.dll
[0702/114159:ERROR:process_reader_win.cc(232)] ReadMemory at 0x7fff099b0000 of 64 bytes failed: ReadProcessMemory 또는 WriteProcessMemory의 일부 작업만을 마쳤습니다. (0x12B)
[0702/114159:WARNING:pe_image_reader.cc(280)] could not read dos header from C:\Windows\SYSTEM32\DAVHLPR.DLL
[0702/114159:ERROR:process_reader_win.cc(232)] ReadMemory at 0x7fff0c680000 of 64 bytes failed: ReadProcessMemory 또는 WriteProcessMemory의 일부 작업만을 마쳤습니다. (0x12B)
[0702/114159:WARNING:pe_image_reader.cc(280)] could not read dos header from C:\Windows\system32\COMDLG32.dll
[0702/114159:ERROR:process_reader_win.cc(232)] ReadMemory at 0x7fff0e530000 of 64 bytes failed: ReadProcessMemory 또는 WriteProcessMemory의 일부 작업만을 마쳤습니다. (0x12B)
[0702/114159:WARNING:pe_image_reader.cc(280)] could not read dos header from C:\Windows\system32\ole32.dll
[0702/114159:ERROR:process_reader_win.cc(232)] ReadMemory at 0x7fff0ef30000 of 64 bytes failed: ReadProcessMemory 또는 WriteProcessMemory의 일부 작업만을 마쳤습니다. (0x12B)
[0702/114159:WARNING:pe_image_reader.cc(280)] could not read dos header from C:\Windows\system32\OLEAUT32.dll
[0702/114159:ERROR:process_reader_win.cc(232)] ReadMemory at 0x7fff04fe0000 of 64 bytes failed: ReadProcessMemory 또는 WriteProcessMemory의 일부 작업만을 마쳤습니다. (0x12B)
[0702/114159:WARNING:pe_image_reader.cc(280)] could not read dos header from C:\Windows\SYSTEM32\IPHLPAPI.DLL
[0702/114159:ERROR:process_reader_win.cc(232)] ReadMemory at 0x7fff0ed40000 of 64 bytes failed: ReadProcessMemory 또는 WriteProcessMemory의 일부 작업만을 마쳤습니다. (0x12B)
[0702/114159:WARNING:pe_image_reader.cc(280)] could not read dos header from C:\Windows\system32\WS2_32.dll
[0702/114159:ERROR:process_reader_win.cc(232)] ReadMemory at 0x7fff08730000 of 64 bytes failed: ReadProcessMemory 또는 WriteProcessMemory의 일부 작업만을 마쳤습니다. (0x12B)
[0702/114159:WARNING:pe_image_reader.cc(280)] could not read dos header from C:\Windows\SYSTEM32\USP10.dll
[0702/114159:ERROR:process_reader_win.cc(232)] ReadMemory at 0x7fff0b640000 of 64 bytes failed: ReadProcessMemory 또는 WriteProcessMemory의 일부 작업만을 마쳤습니다. (0x12B)
[0702/114159:WARNING:pe_image_reader.cc(280)] could not read dos header from C:\Windows\system32\MSASN1.dll
[0702/114159:ERROR:process_reader_win.cc(232)] ReadMemory at 0x7fff0c1a0000 of 64 bytes failed: ReadProcessMemory 또는 WriteProcessMemory의 일부 작업만을 마쳤습니다. (0x12B)
[0702/114159:WARNING:pe_image_reader.cc(280)] could not read dos header from C:\Windows\system32\CRYPT32.dll
[0702/114159:ERROR:process_reader_win.cc(232)] ReadMemory at 0x7fff0bec0000 of 64 bytes failed: ReadProcessMemory 또는 WriteProcessMemory의 일부 작업만을 마쳤습니다. (0x12B)
[0702/114159:WARNING:pe_image_reader.cc(280)] could not read dos header from C:\Windows\system32\WINTRUST.dll
[0702/114159:ERROR:process_reader_win.cc(232)] ReadMemory at 0x7fff02d30000 of 64 bytes failed: ReadProcessMemory 또는 WriteProcessMemory의 일부 작업만을 마쳤습니다. (0x12B)
[0702/114159:WARNING:pe_image_reader.cc(280)] could not read dos header from C:\Windows\SYSTEM32\Secur32.dll
[0702/114159:ERROR:process_reader_win.cc(232)] ReadMemory at 0x7fff0b2a0000 of 64 bytes failed: ReadProcessMemory 또는 WriteProcessMemory의 일부 작업만을 마쳤습니다. (0x12B)
[0702/114159:WARNING:pe_image_reader.cc(280)] could not read dos header from C:\Windows\SYSTEM32\SSPICLI.DLL
[0702/114159:ERROR:process_reader_win.cc(232)] ReadMemory at 0x7ffed07d0000 of 64 bytes failed: ReadProcessMemory 또는 WriteProcessMemory의 일부 작업만을 마쳤습니다. (0x12B)
[0702/114159:WARNING:pe_image_reader.cc(280)] could not read dos header from c:\Program Files (x86)\Google\Chrome\Application\51.0.2704.103\chrome_child.dll
[0702/114159:ERROR:process_reader_win.cc(232)] ReadMemory at 0x7fff06fe0000 of 64 bytes failed: ReadProcessMemory 또는 WriteProcessMemory의 일부 작업만을 마쳤습니다. (0x12B)
[0702/114159:WARNING:pe_image_reader.cc(280)] could not read dos header from C:\Windows\SYSTEM32\dwrite.dll
[0702/114159:ERROR:process_reader_win.cc(232)] ReadMemory at 0x7ff750eb1910 of 12 bytes failed: ReadProcessMemory 또는 WriteProcessMemory의 일부 작업만을 마쳤습니다. (0x12B)
[0702/114159:WARNING:process_snapshot_win.cc(102)] ReadMemory ExceptionInformation failed
[0702/114159:WARNING:crash_report_exception_handler.cc(60)] ProcessSnapshotWin::InitializeException failed
[0702/114159:ERROR:scoped_process_suspend.cc(38)] NtResumeProcess, ntstatus=-1073741558
[0702/131918:ERROR:process_info.cc(608)] range at 0x9b2f34a800000000, size 0x155 fully unreadable
[0702/131918:ERROR:process_info.cc(608)] range at 0x9b2f350e00000000, size 0x155 fully unreadable
[0702/131918:ERROR:process_info.cc(608)] range at 0x0, size 0x155 fully unreadable
[0702/131918:ERROR:process_reader_win.cc(141)] SuspendThread: 액세스가 거부되었습니다. (0x5)
[0702/131918:ERROR:exception_snapshot_win.cc(57)] thread ID 984 not found in process
[0702/131918:WARNING:crash_report_exception_handler.cc(60)] ProcessSnapshotWin::InitializeException failed
[0702/162721:ERROR:process_info.cc(330)] VirtualQueryEx: 액세스가 거부되었습니다. (0x5)
[0702/162721:ERROR:process_info.cc(547)] ReadMemoryInfo failed
[0702/162721:ERROR:process_info.cc(608)] range at 0x7fff0f145200, size 0x40 fully unreadable
[0702/162721:ERROR:process_info.cc(608)] range at 0x7fff0f111410, size 0x12 fully unreadable
[0702/162721:ERROR:process_info.cc(608)] range at 0x7fff0f111410, size 0x12 fully unreadable
[0702/162721:ERROR:process_info.cc(608)] range at 0x7fff0f111410, size 0x12 fully unreadable
[0702/162721:ERROR:process_info.cc(608)] range at 0xa75e35e400000000, size 0x2d8 fully unreadable
[0702/162721:ERROR:process_info.cc(608)] range at 0xa75e364a00000000, size 0x2d8 fully unreadable
[0702/162721:ERROR:process_info.cc(608)] range at 0x0, size 0x2d8 fully unreadable
[0702/162721:ERROR:process_info.cc(608)] range at 0x7fff0f1421e0, size 0x28 fully unreadable
[0702/162721:ERROR:process_info.cc(608)] range at 0x7fff0f142d48, size 0x30 fully unreadable
[0702/162721:ERROR:process_reader_win.cc(232)] ReadMemory at 0x7ff750dd0000 of 64 bytes failed: ReadProcessMemory 또는 WriteProcessMemory의 일부 작업만을 마쳤습니다. (0x12B)
[0702/162721:WARNING:pe_image_reader.cc(280)] could not read dos header from c:\Program Files (x86)\Google\Chrome\Application\chrome.exe
[0702/162721:ERROR:process_reader_win.cc(232)] ReadMemory at 0x7ffec6800000 of 64 bytes failed: ReadProcessMemory 또는 WriteProcessMemory의 일부 작업만을 마쳤습니다. (0x12B)
[0702/162721:WARNING:pe_image_reader.cc(280)] could not read dos header from c:\Program Files (x86)\Google\Chrome\Application\51.0.2704.103\chrome_child.dll
[0702/162721:ERROR:process_reader_win.cc(232)] ReadMemory at 0x7ff750dd0000 of 64 bytes failed: ReadProcessMemory 또는 WriteProcessMemory의 일부 작업만을 마쳤습니다. (0x12B)
[0702/162721:WARNING:pe_image_reader.cc(280)] could not read dos header from c:\Program Files (x86)\Google\Chrome\Application\chrome.exe
[0702/162721:ERROR:process_reader_win.cc(232)] ReadMemory at 0x7ffec6800000 of 64 bytes failed: ReadProcessMemory 또는 WriteProcessMemory의 일부 작업만을 마쳤습니다. (0x12B)
[0702/162721:WARNING:pe_image_reader.cc(280)] could not read dos header from c:\Program Files (x86)\Google\Chrome\Application\51.0.2704.103\chrome_child.dll
[0702/162721:ERROR:process_reader_win.cc(141)] SuspendThread: 액세스가 거부되었습니다. (0x5)
[0702/162721:ERROR:process_reader_win.cc(232)] ReadMemory at 0x7ff750dd0000 of 64 bytes failed: ReadProcessMemory 또는 WriteProcessMemory의 일부 작업만을 마쳤습니다. (0x12B)
[0702/162721:WARNING:pe_image_reader.cc(280)] could not read dos header from c:\Program Files (x86)\Google\Chrome\Application\chrome.exe
[0702/162721:ERROR:process_reader_win.cc(232)] ReadMemory at 0x7fff0f0000e0 of 264 bytes failed: ReadProcessMemory 또는 WriteProcessMemory의 일부 작업만을 마쳤습니다. (0x12B)
[0702/162721:WARNING:pe_image_reader.cc(294)] could not read nt headers from C:\Windows\SYSTEM32\ntdll.dll
[0702/162721:ERROR:process_reader_win.cc(232)] ReadMemory at 0x7fff0bfb0000 of 64 bytes failed: ReadProcessMemory 또는 WriteProcessMemory의 일부 작업만을 마쳤습니다. (0x12B)
[0702/162721:WARNING:pe_image_reader.cc(280)] could not read dos header from C:\Windows\system32\KERNELBASE.dll
[0702/162721:ERROR:process_reader_win.cc(232)] ReadMemory at 0x7fff0ee80000 of 64 bytes failed: ReadProcessMemory 또는 WriteProcessMemory의 일부 작업만을 마쳤습니다. (0x12B)
[0702/162721:WARNING:pe_image_reader.cc(280)] could not read dos header from C:\Windows\system32\KERNEL32.DLL
[0702/162721:ERROR:process_reader_win.cc(232)] ReadMemory at 0x7fff0e430000 of 64 bytes failed: ReadProcessMemory 또는 WriteProcessMemory의 일부 작업만을 마쳤습니다. (0x12B)
[0702/162721:WARNING:pe_image_reader.cc(280)] could not read dos header from C:\Windows\system32\msvcrt.dll
[0702/162721:ERROR:process_reader_win.cc(232)] ReadMemory at 0x7fff0e680000 of 64 bytes failed: ReadProcessMemory 또는 WriteProcessMemory의 일부 작업만을 마쳤습니다. (0x12B)
[0702/162721:WARNING:pe_image_reader.cc(280)] could not read dos header from C:\Windows\system32\RPCRT4.dll
[0702/162721:ERROR:process_reader_win.cc(232)] ReadMemory at 0x7fff0e200000 of 64 bytes failed: ReadProcessMemory 또는 WriteProcessMemory의 일부 작업만을 마쳤습니다. (0x12B)
[0702/162721:WARNING:pe_image_reader.cc(280)] could not read dos header from C:\Windows\system32\sechost.dll
[0702/162721:ERROR:process_reader_win.cc(232)] ReadMemory at 0x7fff0edd0000 of 64 bytes failed: ReadProcessMemory 또는 WriteProcessMemory의 일부 작업만을 마쳤습니다. (0x12B)
[0702/162721:WARNING:pe_image_reader.cc(280)] could not read dos header from C:\Windows\system32\ADVAPI32.dll
[0702/162721:ERROR:process_reader_win.cc(232)] ReadMemory at 0x7fff0bf40000 of 64 bytes failed: ReadProcessMemory 또는 WriteProcessMemory의 일부 작업만을 마쳤습니다. (0x12B)
[0702/162721:WARNING:pe_image_reader.cc(280)] could not read dos header from C:\Windows\system32\bcryptPrimitives.dll
[0702/162721:ERROR:process_reader_win.cc(232)] ReadMemory at 0x7fff0b0c0000 of 64 bytes failed: ReadProcessMemory 또는 WriteProcessMemory의 일부 작업만을 마쳤습니다. (0x12B)
[0702/162721:WARNING:pe_image_reader.cc(280)] could not read dos header from C:\Windows\SYSTEM32\CRYPTBASE.DLL
[0702/162721:ERROR:process_reader_win.cc(232)] ReadMemory at 0x7ffef9150000 of 64 bytes failed: ReadProcessMemory 또는 WriteProcessMemory의 일부 작업만을 마쳤습니다. (0x12B)
[0702/162721:WARNING:pe_image_reader.cc(280)] could not read dos header from C:\Program Files (x86)\Google\Chrome\Application\51.0.2704.103\chrome_elf.dll
[0702/162721:ERROR:process_reader_win.cc(232)] ReadMemory at 0x7fff07e90000 of 64 bytes failed: ReadProcessMemory 또는 WriteProcessMemory의 일부 작업만을 마쳤습니다. (0x12B)
[0702/162721:WARNING:pe_image_reader.cc(280)] could not read dos header from C:\Windows\SYSTEM32\VERSION.dll
[0702/162721:ERROR:process_reader_win.cc(232)] ReadMemory at 0x7fff0b770000 of 64 bytes failed: ReadProcessMemory 또는 WriteProcessMemory의 일부 작업만을 마쳤습니다. (0x12B)
[0702/162721:WARNING:pe_image_reader.cc(280)] could not read dos header from C:\Windows\system32\cfgmgr32.dll
[0702/162721:ERROR:process_reader_win.cc(232)] ReadMemory at 0x7fff096e0000 of 64 bytes failed: ReadProcessMemory 또는 WriteProcessMemory의 일부 작업만을 마쳤습니다. (0x12B)
[0702/162721:WARNING:pe_image_reader.cc(280)] could not read dos header from C:\Windows\SYSTEM32\WINMMBASE.dll
[0702/162721:ERROR:process_reader_win.cc(232)] ReadMemory at 0x7fff0e030000 of 64 bytes failed: ReadProcessMemory 또는 WriteProcessMemory의 일부 작업만을 마쳤습니다. (0x12B)
[0702/162721:WARNING:pe_image_reader.cc(280)] could not read dos header from C:\Windows\system32\GDI32.dll
[0702/162721:ERROR:process_reader_win.cc(232)] ReadMemory at 0x7fff0ebd0000 of 64 bytes failed: ReadProcessMemory 또는 WriteProcessMemory의 일부 작업만을 마쳤습니다. (0x12B)
[0702/162721:WARNING:pe_image_reader.cc(280)] could not read dos header from C:\Windows\system32\USER32.dll
[0702/162721:ERROR:process_reader_win.cc(232)] ReadMemory at 0x7fff0e1c0000 of 64 bytes failed: ReadProcessMemory 또는 WriteProcessMemory의 일부 작업만을 마쳤습니다. (0x12B)
[0702/162721:WARNING:pe_image_reader.cc(280)] could not read dos header from C:\Windows\system32\IMM32.DLL
[0702/162721:ERROR:process_reader_win.cc(232)] ReadMemory at 0x7fff09740000 of 64 bytes failed: ReadProcessMemory 또는 WriteProcessMemory의 일부 작업만을 마쳤습니다. (0x12B)
[0702/162721:WARNING:pe_image_reader.cc(280)] could not read dos header from C:\Windows\SYSTEM32\WINMM.dll
[0702/162721:ERROR:process_reader_win.cc(232)] ReadMemory at 0x7fff0b620000 of 64 bytes failed: ReadProcessMemory 또는 WriteProcessMemory의 일부 작업만을 마쳤습니다. (0x12B)
[0702/162721:WARNING:pe_image_reader.cc(280)] could not read dos header from C:\Windows\system32\profapi.dll
[0702/162721:ERROR:process_reader_win.cc(232)] ReadMemory at 0x7fff0ad80000 of 64 bytes failed: ReadProcessMemory 또는 WriteProcessMemory의 일부 작업만을 마쳤습니다. (0x12B)
[0702/162721:WARNING:pe_image_reader.cc(280)] could not read dos header from C:\Windows\SYSTEM32\USERENV.dll
[0702/162721:ERROR:process_reader_win.cc(232)] ReadMemory at 0x7fff09510000 of 64 bytes failed: ReadProcessMemory 또는 WriteProcessMemory의 일부 작업만을 마쳤습니다. (0x12B)
[0702/162721:WARNING:pe_image_reader.cc(280)] could not read dos header from C:\Windows\SYSTEM32\WTSAPI32.dll
[0702/162721:ERROR:process_reader_win.cc(232)] ReadMemory at 0x7fff04ad0000 of 64 bytes failed: ReadProcessMemory 또는 WriteProcessMemory의 일부 작업만을 마쳤습니다. (0x12B)
[0702/162721:WARNING:pe_image_reader.cc(280)] could not read dos header from C:\Windows\SYSTEM32\WINHTTP.dll
[0702/162721:ERROR:process_reader_win.cc(232)] ReadMemory at 0x7fff0c400000 of 64 bytes failed: ReadProcessMemory 또는 WriteProcessMemory의 일부 작업만을 마쳤습니다. (0x12B)
[0702/162721:WARNING:pe_image_reader.cc(280)] could not read dos header from C:\Windows\system32\combase.dll
[0702/162721:ERROR:process_reader_win.cc(232)] ReadMemory at 0x7fff0de20000 of 64 bytes failed: ReadProcessMemory 또는 WriteProcessMemory의 일부 작업만을 마쳤습니다. (0x12B)
[0702/162721:WARNING:pe_image_reader.cc(280)] could not read dos header from C:\Windows\system32\shlwapi.dll
[0702/162721:ERROR:process_reader_win.cc(232)] ReadMemory at 0x7fff0b6a0000 of 64 bytes failed: ReadProcessMemory 또는 WriteProcessMemory의 일부 작업만을 마쳤습니다. (0x12B)
[0702/162721:WARNING:pe_image_reader.cc(280)] could not read dos header from C:\Windows\system32\kernel.appcore.dll
[0702/162721:ERROR:process_reader_win.cc(232)] ReadMemory at 0x7fff0b6b0000 of 64 bytes failed: ReadProcessMemory 또는 WriteProcessMemory의 일부 작업만을 마쳤습니다. (0x12B)
[0702/162721:WARNING:pe_image_reader.cc(280)] could not read dos header from C:\Windows\system32\shcore.dll
[0702/162721:ERROR:process_reader_win.cc(232)] ReadMemory at 0x7fff0b650000 of 64 bytes failed: ReadProcessMemory 또는 WriteProcessMemory의 일부 작업만을 마쳤습니다. (0x12B)
[0702/162721:WARNING:pe_image_reader.cc(280)] could not read dos header from C:\Windows\system32\powrprof.dll
[0702/162721:ERROR:process_reader_win.cc(232)] ReadMemory at 0x7fff0b7c0000 of 64 bytes failed: ReadProcessMemory 또는 WriteProcessMemory의 일부 작업만을 마쳤습니다. (0x12B)
[0702/162721:WARNING:pe_image_reader.cc(280)] could not read dos header from C:\Windows\system32\windows.storage.dll
[0702/162721:ERROR:process_reader_win.cc(232)] ReadMemory at 0x7fff0c7a0000 of 64 bytes failed: ReadProcessMemory 또는 WriteProcessMemory의 일부 작업만을 마쳤습니다. (0x12B)
[0702/162721:WARNING:pe_image_reader.cc(280)] could not read dos header from C:\Windows\system32\SHELL32.dll
[0702/162721:ERROR:process_reader_win.cc(232)] ReadMemory at 0x7fff0c790000 of 64 bytes failed: ReadProcessMemory 또는 WriteProcessMemory의 일부 작업만을 마쳤습니다. (0x12B)
[0702/162721:WARNING:pe_image_reader.cc(280)] could not read dos header from C:\Windows\system32\PSAPI.DLL
[0702/162721:ERROR:process_reader_win.cc(232)] ReadMemory at 0x7fff0b550000 of 64 bytes failed: ReadProcessMemory 또는 WriteProcessMemory의 일부 작업만을 마쳤습니다. (0x12B)
[0702/162721:WARNING:pe_image_reader.cc(280)] could not read dos header from C:\Windows\SYSTEM32\bcrypt.dll
[0702/162721:ERROR:process_reader_win.cc(232)] ReadMemory at 0x7fff056e0000 of 64 bytes failed: ReadProcessMemory 또는 WriteProcessMemory의 일부 작업만을 마쳤습니다. (0x12B)
[0702/162721:WARNING:pe_image_reader.cc(280)] could not read dos header from C:\Windows\SYSTEM32\WINSPOOL.DRV
[0702/162721:ERROR:process_reader_win.cc(232)] ReadMemory at 0x7fff07b60000 of 64 bytes failed: ReadProcessMemory 또는 WriteProcessMemory의 일부 작업만을 마쳤습니다. (0x12B)
[0702/162721:WARNING:pe_image_reader.cc(280)] could not read dos header from C:\Windows\WinSxS\amd64_microsoft.windows.common-controls_6595b64144ccf1df_6.0.10586.0_none_8c15ae12515e1c22\COMCTL32.dll
[0702/162721:ERROR:process_reader_win.cc(232)] ReadMemory at 0x7fff0c370000 of 64 bytes failed: ReadProcessMemory 또는 WriteProcessMemory의 일부 작업만을 마쳤습니다. (0x12B)
[0702/162721:WARNING:pe_image_reader.cc(280)] could not read dos header from C:\Windows\system32\FirewallAPI.dll
[0702/162721:ERROR:process_reader_win.cc(232)] ReadMemory at 0x7fff0a3a0000 of 64 bytes failed: ReadProcessMemory 또는 WriteProcessMemory의 일부 작업만을 마쳤습니다. (0x12B)
[0702/162721:WARNING:pe_image_reader.cc(280)] could not read dos header from C:\Windows\system32\fwbase.dll
[0702/162721:ERROR:process_reader_win.cc(232)] ReadMemory at 0x7fff0bf20000 of 64 bytes failed: ReadProcessMemory 또는 WriteProcessMemory의 일부 작업만을 마쳤습니다. (0x12B)
[0702/162721:WARNING:pe_image_reader.cc(280)] could not read dos header from C:\Windows\system32\NETAPI32.dll
[0702/162721:ERROR:process_reader_win.cc(232)] ReadMemory at 0x7fff099b0000 of 64 bytes failed: ReadProcessMemory 또는 WriteProcessMemory의 일부 작업만을 마쳤습니다. (0x12B)
[0702/162721:WARNING:pe_image_reader.cc(280)] could not read dos header from C:\Windows\SYSTEM32\DAVHLPR.DLL
[0702/162721:ERROR:process_reader_win.cc(232)] ReadMemory at 0x7fff0c680000 of 64 bytes failed: ReadProcessMemory 또는 WriteProcessMemory의 일부 작업만을 마쳤습니다. (0x12B)
[0702/162721:WARNING:pe_image_reader.cc(280)] could not read dos header from C:\Windows\system32\COMDLG32.dll
[0702/162721:ERROR:process_reader_win.cc(232)] ReadMemory at 0x7fff0e530000 of 64 bytes failed: ReadProcessMemory 또는 WriteProcessMemory의 일부 작업만을 마쳤습니다. (0x12B)
[0702/162721:WARNING:pe_image_reader.cc(280)] could not read dos header from C:\Windows\system32\ole32.dll
[0702/162721:ERROR:process_reader_win.cc(232)] ReadMemory at 0x7fff0ef30000 of 64 bytes failed: ReadProcessMemory 또는 WriteProcessMemory의 일부 작업만을 마쳤습니다. (0x12B)
[0702/162721:WARNING:pe_image_reader.cc(280)] could not read dos header from C:\Windows\system32\OLEAUT32.dll
[0702/162721:ERROR:process_reader_win.cc(232)] ReadMemory at 0x7fff04fe0000 of 64 bytes failed: ReadProcessMemory 또는 WriteProcessMemory의 일부 작업만을 마쳤습니다. (0x12B)
[0702/162721:WARNING:pe_image_reader.cc(280)] could not read dos header from C:\Windows\SYSTEM32\IPHLPAPI.DLL
[0702/162721:ERROR:process_reader_win.cc(232)] ReadMemory at 0x7fff0ed40000 of 64 bytes failed: ReadProcessMemory 또는 WriteProcessMemory의 일부 작업만을 마쳤습니다. (0x12B)
[0702/162721:WARNING:pe_image_reader.cc(280)] could not read dos header from C:\Windows\system32\WS2_32.dll
[0702/162721:ERROR:process_reader_win.cc(232)] ReadMemory at 0x7fff08730000 of 64 bytes failed: ReadProcessMemory 또는 WriteProcessMemory의 일부 작업만을 마쳤습니다. (0x12B)
[0702/162721:WARNING:pe_image_reader.cc(280)] could not read dos header from C:\Windows\SYSTEM32\USP10.dll
[0702/162721:ERROR:process_reader_win.cc(232)] ReadMemory at 0x7fff0b640000 of 64 bytes failed: ReadProcessMemory 또는 WriteProcessMemory의 일부 작업만을 마쳤습니다. (0x12B)
[0702/162721:WARNING:pe_image_reader.cc(280)] could not read dos header from C:\Windows\system32\MSASN1.dll
[0702/162721:ERROR:process_reader_win.cc(232)] ReadMemory at 0x7fff0c1a0000 of 64 bytes failed: ReadProcessMemory 또는 WriteProcessMemory의 일부 작업만을 마쳤습니다. (0x12B)
[0702/162721:WARNING:pe_image_reader.cc(280)] could not read dos header from C:\Windows\system32\CRYPT32.dll
[0702/162721:ERROR:process_reader_win.cc(232)] ReadMemory at 0x7fff0bec0000 of 64 bytes failed: ReadProcessMemory 또는 WriteProcessMemory의 일부 작업만을 마쳤습니다. (0x12B)
[0702/162721:WARNING:pe_image_reader.cc(280)] could not read dos header from C:\Windows\system32\WINTRUST.dll
[0702/162721:ERROR:process_reader_win.cc(232)] ReadMemory at 0x7fff02d30000 of 64 bytes failed: ReadProcessMemory 또는 WriteProcessMemory의 일부 작업만을 마쳤습니다. (0x12B)
[0702/162721:WARNING:pe_image_reader.cc(280)] could not read dos header from C:\Windows\SYSTEM32\Secur32.dll
[0702/162721:ERROR:process_reader_win.cc(232)] ReadMemory at 0x7fff0b2a0000 of 64 bytes failed: ReadProcessMemory 또는 WriteProcessMemory의 일부 작업만을 마쳤습니다. (0x12B)
[0702/162721:WARNING:pe_image_reader.cc(280)] could not read dos header from C:\Windows\SYSTEM32\SSPICLI.DLL
[0702/162721:ERROR:process_reader_win.cc(232)] ReadMemory at 0x7ffec6800000 of 64 bytes failed: ReadProcessMemory 또는 WriteProcessMemory의 일부 작업만을 마쳤습니다. (0x12B)
[0702/162721:WARNING:pe_image_reader.cc(280)] could not read dos header from c:\Program Files (x86)\Google\Chrome\Application\51.0.2704.103\chrome_child.dll
[0702/162721:ERROR:process_reader_win.cc(232)] ReadMemory at 0x7fff06fe0000 of 64 bytes failed: ReadProcessMemory 또는 WriteProcessMemory의 일부 작업만을 마쳤습니다. (0x12B)
[0702/162721:WARNING:pe_image_reader.cc(280)] could not read dos header from C:\Windows\SYSTEM32\dwrite.dll
[0702/162721:ERROR:process_reader_win.cc(232)] ReadMemory at 0x7ff750eb1910 of 12 bytes failed: ReadProcessMemory 또는 WriteProcessMemory의 일부 작업만을 마쳤습니다. (0x12B)
[0702/162721:WARNING:process_snapshot_win.cc(102)] ReadMemory ExceptionInformation failed
[0702/162721:WARNING:crash_report_exception_handler.cc(60)] ProcessSnapshotWin::InitializeException failed
[0702/162721:ERROR:scoped_process_suspend.cc(38)] NtResumeProcess, ntstatus=-1073741558
